<?xml version="1.0" encoding="UTF-8"?>
<!-- Generated by org.testng.reporters.JUnitReportReporter -->
<testsuite skipped="0" hostname="DESKTOP-APKP2PU" name="package2.LoginTest" tests="2" failures="0" timestamp="18 Jun 2019 19:33:45 GMT" time="7.978" errors="0">
  <testcase name="login" time="3.715" classname="package2.LoginTest"/>
  <testcase name="rememberLogin" time="4.263" classname="package2.LoginTest"/>
</testsuite> <!-- package2.LoginTest -->
