<?xml version="1.0" encoding="UTF-8"?>
<!-- Generated by org.testng.reporters.JUnitReportReporter -->
<testsuite skipped="0" hostname="DESKTOP-APKP2PU" name="package3.LoginTest" tests="2" failures="0" timestamp="19 Jun 2019 06:54:02 GMT" time="9.088" errors="0">
  <testcase name="login" time="4.119" classname="package3.LoginTest"/>
  <testcase name="rememberLogin" time="4.969" classname="package3.LoginTest"/>
</testsuite> <!-- package3.LoginTest -->
