<?xml version="1.0" encoding="UTF-8"?>
<!-- Generated by org.testng.reporters.JUnitReportReporter -->
<testsuite skipped="0" hostname="DESKTOP-APKP2PU" name="package2.GroupExecutionTest" tests="1" failures="0" timestamp="02 Jun 2019 17:30:45 GMT" time="0.007" errors="0">
  <testcase name="login" time="0.007" classname="package2.GroupExecutionTest"/>
</testsuite> <!-- package2.GroupExecutionTest -->
