<?xml version="1.0" encoding="UTF-8"?>
<!-- Generated by org.testng.reporters.JUnitReportReporter -->
<testsuite skipped="0" hostname="DESKTOP-APKP2PU" name="package2.HardAssertTest" tests="2" failures="0" timestamp="17 Jun 2019 17:02:34 GMT" time="11.592" errors="0">
  <testcase name="validLogin" time="4.847" classname="package2.HardAssertTest"/>
  <testcase name="invalidLogin" time="6.745" classname="package2.HardAssertTest"/>
</testsuite> <!-- package2.HardAssertTest -->
