<?xml version="1.0" encoding="UTF-8"?>
<!-- Generated by org.testng.reporters.JUnitReportReporter -->
<testsuite skipped="0" hostname="DESKTOP-APKP2PU" name="package2.ListenerTest" tests="3" failures="0" timestamp="18 Jun 2019 18:22:12 GMT" time="0.015" errors="0">
  <testcase name="createProject" time="0.002" classname="package2.ListenerTest"/>
  <testcase name="login" time="0.012" classname="package2.ListenerTest"/>
  <testcase name="createCustomer" time="0.001" classname="package2.ListenerTest"/>
</testsuite> <!-- package2.ListenerTest -->
