<?xml version="1.0" encoding="UTF-8"?>
<!-- Generated by org.testng.reporters.JUnitReportReporter -->
<testsuite skipped="0" hostname="DESKTOP-APKP2PU" name="package3.LoginTest" tests="2" failures="0" timestamp="26 Jun 2019 15:49:55 GMT" time="13.529" errors="0">
  <testcase name="login" time="6.609" classname="package3.LoginTest"/>
  <testcase name="rememberLogin" time="6.920" classname="package3.LoginTest"/>
</testsuite> <!-- package3.LoginTest -->
