<?xml version="1.0" encoding="UTF-8"?>
<!-- Generated by org.testng.reporters.JUnitReportReporter -->
<testsuite skipped="0" hostname="DESKTOP-APKP2PU" name="package3.LoginTest" tests="2" failures="0" timestamp="26 Jun 2019 15:37:25 GMT" time="13.074" errors="0">
  <testcase name="login" time="6.167" classname="package3.LoginTest"/>
  <testcase name="rememberLogin" time="6.907" classname="package3.LoginTest"/>
</testsuite> <!-- package3.LoginTest -->
