<?xml version="1.0" encoding="UTF-8"?>
<!-- Generated by org.testng.reporters.JUnitReportReporter -->
<testsuite skipped="0" hostname="DESKTOP-APKP2PU" name="package2.GroupExecutionTest" tests="2" failures="0" timestamp="02 Jun 2019 16:39:22 GMT" time="0.008" errors="0">
  <testcase name="purchaseProduct" time="0.001" classname="package2.GroupExecutionTest"/>
  <testcase name="payment" time="0.007" classname="package2.GroupExecutionTest"/>
</testsuite> <!-- package2.GroupExecutionTest -->
